Arguments: 
  C:\Program Files\nodejs\node.exe C:\Users\Lenovo\AppData\Roaming\npm\node_modules\yarn\bin\yarn.js add ali-oss

PATH: 
  C:\Program Files (x86)\NetSarang\Xshell 6\;C:\Windows\system32;C:\Windows;C:\Windows\System32\Wbem;C:\Program Files\nodejs\;C:\Program Files\Git\cmd;C:\Program Files (x86)\QuickTime\QTSystem\;C:\Program Files\Java\jdk-14.0.1\bin;%JAVA_HOME%\bin;C:\Windows\System32\WindowsPowerShell\v1.0\;C:\Users\Lenovo\AppData\Local\Android\Sdk\platform-tools;C:\Users\Lenovo\AppData\Local\Programs\Python\Python38\Scripts\;C:\Users\Lenovo\AppData\Local\Programs\Python\Python38\;C:\Users\Lenovo\AppData\Roaming\npm;D:\Program Files\Microsoft VS Code\bin;D:\软件\DevEco Studio\bin;;D:\app from market\Docker Toolbox;

Yarn version: 
  1.22.4

Node version: 
  12.13.0

Platform: 
  win32 x64

Trace: 
  Error: https://registry.yarnpkg.com/typescript/-/typescript-4.1.2.tgz: unexpected end of file
      at Zlib.zlibOnError [as onerror] (zlib.js:170:17)

npm manifest: 
  {
    "name": "love",
    "version": "0.0.1",
    "description": "",
    "author": "",
    "private": true,
    "license": "UNLICENSED",
    "scripts": {
      "prebuild": "rimraf dist",
      "build": "nest build",
      "format": "prettier --write \"src/**/*.ts\" \"test/**/*.ts\"",
      "start": "nest start",
      "start:dev": "nest start --watch",
      "start:debug": "npm run start:dev -- --debug -- --watch --inspect",
      "start:prod": "node dist/main",
      "lint": "eslint \"{src,apps,libs,test}/**/*.ts\" --fix",
      "test": "jest",
      "test:watch": "jest --watch",
      "test:cov": "jest --coverage",
      "test:debug": "node --inspect-brk -r tsconfig-paths/register -r ts-node/register node_modules/.bin/jest --runInBand",
      "test:e2e": "jest --config ./test/jest-e2e.json"
    },
    "dependencies": {
      "@nestjs/common": "^7.5.1",
      "@nestjs/core": "^7.5.1",
      "@nestjs/platform-express": "^7.5.1",
      "reflect-metadata": "^0.1.13",
      "rimraf": "^3.0.2",
      "rxjs": "^6.6.3"
    },
    "devDependencies": {
      "@nestjs/cli": "^7.5.1",
      "@nestjs/schematics": "^7.1.3",
      "@nestjs/testing": "^7.5.1",
      "@types/express": "^4.17.8",
      "@types/jest": "^26.0.15",
      "@types/node": "^14.14.6",
      "@types/supertest": "^2.0.10",
      "@typescript-eslint/eslint-plugin": "^4.6.1",
      "@typescript-eslint/parser": "^4.6.1",
      "eslint": "^7.12.1",
      "eslint-config-prettier": "^6.15.0",
      "eslint-plugin-prettier": "^3.1.4",
      "jest": "^26.6.3",
      "prettier": "^2.1.2",
      "supertest": "^6.0.0",
      "ts-jest": "^26.4.3",
      "ts-loader": "^8.0.8",
      "ts-node": "^9.0.0",
      "tsconfig-paths": "^3.9.0",
      "typescript": "^4.0.5"
    },
    "jest": {
      "moduleFileExtensions": [
        "js",
        "json",
        "ts"
      ],
      "rootDir": "src",
      "testRegex": ".*\\.spec\\.ts$",
      "transform": {
        "^.+\\.(t|j)s$": "ts-jest"
      },
      "collectCoverageFrom": [
        "**/*.(t|j)s"
      ],
      "coverageDirectory": "../coverage",
      "testEnvironment": "node"
    }
  }

yarn manifest: 
  No manifest

Lockfile: 
  No lockfile
